<?xml version="1.0" encoding="UTF-8"?>
<coverage generated="1665174291830" clover="3.2.0">
  <project timestamp="1665174291830" name="All files">
    <metrics statements="15" coveredstatements="14" conditionals="2" coveredconditionals="1" methods="4" coveredmethods="4" elements="21" coveredelements="19" complexity="0" loc="15" ncloc="15" packages="1" files="4" classes="4"/>
    <file name="addTodo.js" path="C:\Users\Administrator\Desktop\Microverse\pair\todoListWeb\src\js\addTodo.js">
      <metrics statements="3" coveredstatements="3" conditionals="0" coveredconditionals="0" methods="1" coveredmethods="1"/>
      <line num="2" count="1" type="stmt"/>
      <line num="3" count="1" type="stmt"/>
      <line num="6" count="1" type="stmt"/>
    </file>
    <file name="checkTodo.js" path="C:\Users\Administrator\Desktop\Microverse\pair\todoListWeb\src\js\checkTodo.js">
      <metrics statements="3" coveredstatements="3" conditionals="0" coveredconditionals="0" methods="1" coveredmethods="1"/>
      <line num="2" count="1" type="stmt"/>
      <line num="3" count="1" type="stmt"/>
      <line num="6" count="1" type="stmt"/>
    </file>
    <file name="deleteTodo.js" path="C:\Users\Administrator\Desktop\Microverse\pair\todoListWeb\src\js\deleteTodo.js">
      <metrics statements="6" coveredstatements="5" conditionals="2" coveredconditionals="1" methods="1" coveredmethods="1"/>
      <line num="2" count="1" type="stmt"/>
      <line num="3" count="1" type="stmt"/>
      <line num="5" count="1" type="cond" truecount="1" falsecount="1"/>
      <line num="6" count="0" type="stmt"/>
      <line num="8" count="1" type="stmt"/>
      <line num="11" count="1" type="stmt"/>
    </file>
    <file name="updateTodo.js" path="C:\Users\Administrator\Desktop\Microverse\pair\todoListWeb\src\js\updateTodo.js">
      <metrics statements="3" coveredstatements="3" conditionals="0" coveredconditionals="0" methods="1" coveredmethods="1"/>
      <line num="2" count="1" type="stmt"/>
      <line num="3" count="1" type="stmt"/>
      <line num="6" count="1" type="stmt"/>
    </file>
  </project>
</coverage>
