TN:
SF:src\js\addTodo.js
FN:1,addAnItem
FNF:1
FNH:1
FNDA:1,addAnItem
DA:2,1
DA:3,1
DA:6,1
LF:3
LH:3
BRF:0
BRH:0
end_of_record
TN:
SF:src\js\checkTodo.js
FN:1,checkTodo
FNF:1
FNH:1
FNDA:1,checkTodo
DA:2,1
DA:3,1
DA:6,1
LF:3
LH:3
BRF:0
BRH:0
end_of_record
TN:
SF:src\js\deleteTodo.js
FN:1,deleteAnItem
FNF:1
FNH:1
FNDA:1,deleteAnItem
DA:2,1
DA:3,1
DA:5,1
DA:6,0
DA:8,1
DA:11,1
LF:6
LH:5
BRDA:5,0,0,0
BRDA:5,0,1,1
BRF:2
BRH:1
end_of_record
TN:
SF:src\js\updateTodo.js
FN:1,updateTodo
FNF:1
FNH:1
FNDA:1,updateTodo
DA:2,1
DA:3,1
DA:6,1
LF:3
LH:3
BRF:0
BRH:0
end_of_record
